--- Disk I/O Log ---
Wed Feb 14 21:26:54 PST 2024 - Disk I/O:
   19.78    8  0.15   694.59    0  0.00 
    4.00   13  0.05     0.00    0  0.00 
Wed Feb 14 21:27:01 PST 2024 - Disk I/O:
   19.78    8  0.15   694.59    0  0.00 
    0.00    0  0.00     0.00    0  0.00 
Wed Feb 14 21:27:07 PST 2024 - Disk I/O:
   19.78    8  0.15   694.59    0  0.00 
   11.19   64  0.70     0.00    0  0.00 
Wed Feb 14 21:27:14 PST 2024 - Disk I/O:
   19.78    8  0.15   694.59    0  0.00 
    5.23   13  0.07     0.00    0  0.00 
Wed Feb 14 21:27:20 PST 2024 - Disk I/O:
   19.78    8  0.15   694.59    0  0.00 
    6.08  123  0.73     0.00    0  0.00 
Wed Feb 14 21:27:27 PST 2024 - Disk I/O:
   19.78    8  0.15   694.59    0  0.00 
   19.43   14  0.26     0.00    0  0.00 
Wed Feb 14 21:27:33 PST 2024 - Disk I/O:
   19.78    8  0.15   694.59    0  0.00 
    4.00    5  0.02     0.00    0  0.00 
Wed Feb 14 21:27:40 PST 2024 - Disk I/O:
   19.78    8  0.15   694.59    0  0.00 
    6.40    5  0.03     0.00    0  0.00 
Wed Feb 14 21:27:46 PST 2024 - Disk I/O:
   19.78    8  0.15   694.59    0  0.00 
    4.00    3  0.01     0.00    0  0.00 
Wed Feb 14 21:27:53 PST 2024 - Disk I/O:
   19.78    8  0.15   694.59    0  0.00 
    4.00    6  0.02     0.00    0  0.00 
Wed Feb 14 21:27:59 PST 2024 - Disk I/O:
   19.78    8  0.15   694.59    0  0.00 
    4.88  158  0.75     0.00    0  0.00 
Wed Feb 14 21:28:06 PST 2024 - Disk I/O:
   19.78    8  0.15   694.59    0  0.00 
    0.00    0  0.00     0.00    0  0.00 
Wed Feb 14 21:28:12 PST 2024 - Disk I/O:
   19.78    8  0.15   694.59    0  0.00 
    0.00    0  0.00     0.00    0  0.00 
Wed Feb 14 21:28:19 PST 2024 - Disk I/O:
   19.78    8  0.15   694.59    0  0.00 
   11.67   12  0.14     0.00    0  0.00 
